==407827== Memcheck, a memory error detector
==407827== Copyright (C) 2002-2017, and GNU GPL'd, by Julian Seward et al.
==407827== Using Valgrind-3.18.1 and LibVEX; rerun with -h for copyright info
==407827== Command: ./Webserv simple.conf
==407827== Parent PID: 367209
==407827== 
==407827== 
==407827== FILE DESCRIPTORS: 8 open (3 std) at exit.
==407827== Open file descriptor 103: /usr/share/code/v8_context_snapshot.bin
==407827==    <inherited from parent>
==407827== 
==407827== Open file descriptor 43: /dev/ptmx
==407827==    <inherited from parent>
==407827== 
==407827== Open file descriptor 42: /dev/ptmx
==407827==    <inherited from parent>
==407827== 
==407827== Open file descriptor 41: /home/kricci-d/.config/Code/logs/20251007T075938/ptyhost.log
==407827==    <inherited from parent>
==407827== 
==407827== Open file descriptor 3: /home/kricci-d/Downloads/WebServ/valgrind_ctrlc.log
==407827==    <inherited from parent>
==407827== 
==407827== 
==407827== HEAP SUMMARY:
==407827==     in use at exit: 0 bytes in 0 blocks
==407827==   total heap usage: 581 allocs, 581 frees, 188,168 bytes allocated
==407827== 
==407827== All heap blocks were freed -- no leaks are possible
==407827== 
==407827== For lists of detected and suppressed errors, rerun with: -s
==407827== ERROR SUMMARY: 0 errors from 0 contexts (suppressed: 0 from 0)
